Arguments: 
  /usr/local/bin/node /Users/valsamp/.yarn/bin/yarn.js install

PATH: 
  /Users/valsamp/.yarn/bin:/Users/valsamp/.config/yarn/global/node_modules/.bin:/opt/local/bin:/opt/local/sbin:/usr/local/bin:/usr/bin:/bin:/usr/sbin:/sbin:/Users/valsamp/igdk/tools

Yarn version: 
  1.22.13

Node version: 
  12.18.3

Platform: 
  darwin x64

Trace: 
  Error: https://game-dev-build.rgs.cloud/repository/npm-group/glob/-/glob-6.0.4.tgz: Request failed "401 Unauthorized"
      at ResponseError.ExtendableBuiltin (/Users/valsamp/.yarn/lib/cli.js:696:66)
      at new ResponseError (/Users/valsamp/.yarn/lib/cli.js:802:124)
      at Request.<anonymous> (/Users/valsamp/.yarn/lib/cli.js:67099:16)
      at Request.emit (events.js:315:20)
      at Request.module.exports.Request.onRequestResponse (/Users/valsamp/.yarn/lib/cli.js:141758:10)
      at ClientRequest.emit (events.js:315:20)
      at HTTPParser.parserOnIncomingClient [as onIncoming] (_http_client.js:596:27)
      at HTTPParser.parserOnHeadersComplete (_http_common.js:119:17)
      at TLSSocket.socketOnData (_http_client.js:469:22)
      at TLSSocket.emit (events.js:315:20)

npm manifest: 
  {
    "name": "slot-template-audio-howler",
    "version": "1.0.0",
    "description": "template for howler audio for slot games",
    "main": "makemyjson.js",
    "scripts": {
      "test": "node makemyjson.js",
      "build-sounds": "node makeMyJSON_1.0.js",
      "build-audioSprite": "node createAudioSprite.js",
      "build-sounds2" : "node makeMyJSON_2.0.js",
      "deploy": "node copyAudio.js"
    },
    "repository": {
      "type": "git",
      "url": "git+https://github.com/igtinteractive/slot-template-audio-howler.git"
    },
    "keywords": [
      "audio"
    ],
    "author": "jkr",
    "license": "ISC",
    "bugs": {
      "url": "https://github.com/igtinteractive/slot-template-audio-howler/issues"
    },
    "homepage": "https://github.com/igtinteractive/slot-template-audio-howler#readme",
    "dependencies": {
      "node-exiftool": "^2.3.0",
      "sox": "^0.1.0",
      "audiosprite": "^0.7.2",
      "ffmpeg-static": "^5.1.0"
    }
  }

yarn manifest: 
  No manifest

Lockfile: 
  # THIS IS AN AUTOGENERATED FILE. DO NOT EDIT THIS FILE DIRECTLY.
  # yarn lockfile v1
  
  
  "@derhuerst/http-basic@^8.2.0":
    version "8.2.4"
    resolved "https://game-dev-build.rgs.cloud/repository/npm-group/@derhuerst/http-basic/-/http-basic-8.2.4.tgz#d021ebb8f65d54bea681ae6f4a8733ce89e7f59b"
    integrity sha512-F9rL9k9Xjf5blCz8HsJRO4diy111cayL2vkY2XE4r4t3n0yPXVYy3KD3nJ1qbrSn9743UWSXH4IwuCa/HWlGFw==
    dependencies:
      caseless "^0.12.0"
      concat-stream "^2.0.0"
      http-response-object "^3.0.1"
      parse-cache-control "^1.0.1"
  
  "@types/node@^10.0.3":
    version "10.17.60"
    resolved "https://game-dev-build.rgs.cloud/repository/npm-group/@types/node/-/node-10.17.60.tgz#35f3d6213daed95da7f0f73e75bcc6980e90597b"
    integrity sha512-F0KIgDJfy2nA3zMLmWGKxcH2ZVEtCZXHHdOQs2gSaQ27+lNeEfGxzkIw90aXswATX7AZ33tahPbzy6KAfUreVw==
  
  agent-base@6:
    version "6.0.2"
    resolved "https://game-dev-build.rgs.cloud/repository/npm-group/agent-base/-/agent-base-6.0.2.tgz#49fff58577cfee3f37176feab4c22e00f86d7f77"
    integrity sha512-RZNwNclF7+MS/8bDg70amg32dyeZGZxiDuQmZxKLAlQjr3jGyLx+4Kkk58UO7D2QdgFIQCovuSuZESne6RG6XQ==
    dependencies:
      debug "4"
  
  async@~0.9.0:
    version "0.9.2"
    resolved "https://game-dev-build.rgs.cloud/repository/npm-group/async/-/async-0.9.2.tgz#aea74d5e61c1f899613bf64bda66d4c78f2fd17d"
    integrity sha512-l6ToIJIotphWahxxHyzK9bnLR6kM4jJIIgLShZeqLY7iboHoGkdgFl7W2/Ivi4SkMJYGKqW8vSuk0uKUj6qsSw==
  
  async@~1.0.0:
    version "1.0.0"
    resolved "https://game-dev-build.rgs.cloud/repository/npm-group/async/-/async-1.0.0.tgz#f8fc04ca3a13784ade9e1641af98578cfbd647a9"
    integrity sha512-5mO7DX4CbJzp9zjaFXusQQ4tzKJARjNB1Ih1pVBi8wkbmXy/xzIDgEMXxWePLzt2OdFwaxfneIlT1nCiXubrPQ==
  
  audiosprite@^0.7.2:
    version "0.7.2"
    resolved "https://game-dev-build.rgs.cloud/repository/npm-group/audiosprite/-/audiosprite-0.7.2.tgz#ac431a6c30c127bbb6ed743e5d178862ddf9e31e"
    integrity sha512-9Z6UwUuv4To5nUQNRIw5/Q3qA7HYm0ANzoW5EDGPEsU2oIRVgmIlLlm9YZfpPKoeUxt54vMStl2/762189VmJw==
    dependencies:
      async "~0.9.0"
      glob "^6.0.4"
      mkdirp "^0.5.0"
      optimist "~0.6.1"
      underscore "~1.8.3"
      winston "~1.0.0"
  
  balanced-match@^1.0.0:
    version "1.0.2"
    resolved "https://game-dev-build.rgs.cloud/repository/npm-group/balanced-match/-/balanced-match-1.0.2.tgz#e83e3a7e3f300b34cb9d87f615fa0cbf357690ee"
    integrity sha512-3oSeUO0TMV67hN1AmbXsK4yaqU7tjiHlbxRDZOpH0KW9+CeX4bRAaX0Anxt0tx2MrpRpWwQaPwIlISEJhYU5Pw==
  
  batch@~0.3.2:
    version "0.3.2"
    resolved "https://registry.yarnpkg.com/batch/-/batch-0.3.2.tgz#8f802c1358be2b33535f8808e0a23c9f0075733b"
    integrity sha1-j4AsE1i+KzNTX4gI4KI8nwB1czs=
  
  brace-expansion@^1.1.7:
    version "1.1.11"
    resolved "https://game-dev-build.rgs.cloud/repository/npm-group/brace-expansion/-/brace-expansion-1.1.11.tgz#3c7fcbf529d87226f3d2f52b966ff5271eb441dd"
    integrity sha512-iCuPHDFgrHX7H2vEI/5xpz07zSHB00TpugqhmYtVmMO6518mCuRMoOYFldEBl0g187ufozdaHgWKcYFb61qGiA==
    dependencies:
      balanced-match "^1.0.0"
      concat-map "0.0.1"
  
  buffer-from@^1.0.0:
    version "1.1.2"
    resolved "https://game-dev-build.rgs.cloud/repository/npm-group/buffer-from/-/buffer-from-1.1.2.tgz#2b146a6fd72e80b4f55d255f35ed59a3a9a41bd5"
    integrity sha512-E+XQCRwSbaaiChtv6k6Dwgc+bx+Bs6vuKJHHl5kox/BaKbhiXzqQOwK4cO22yElGp2OCmjwVhT3HmxgyPGnJfQ==
  
  caseless@^0.12.0:
    version "0.12.0"
    resolved "https://game-dev-build.rgs.cloud/repository/npm-group/caseless/-/caseless-0.12.0.tgz#1b681c21ff84033c826543090689420d187151dc"
    integrity sha512-4tYFyifaFfGacoiObjJegolkwSU4xQNGbVgUiNYVUxbQ2x2lUsFvY4hVgVzGiIe6WLOPqycWXA40l+PWsxthUw==
  
  catchment@1.0.0:
    version "1.0.0"
    resolved "https://registry.yarnpkg.com/catchment/-/catchment-1.0.0.tgz#3061f71be0102710be84328d2f94363a165f8c4b"
    integrity sha1-MGH3G+AQJxC+hDKNL5Q2OhZfjEs=
  
  colors@1.0.x:
    version "1.0.3"
    resolved "https://game-dev-build.rgs.cloud/repository/npm-group/colors/-/colors-1.0.3.tgz#0433f44d809680fdeb60ed260f1b0c262e82a40b"
    integrity sha512-pFGrxThWcWQ2MsAz6RtgeWe4NK2kUE1WfsrvvlctdII745EW9I0yflqhe7++M5LEc7bV2c/9/5zc8sFcpL0Drw==
  
  concat-map@0.0.1:
    version "0.0.1"
    resolved "https://game-dev-build.rgs.cloud/repository/npm-group/concat-map/-/concat-map-0.0.1.tgz#d8a96bd77fd68df7793a73036a3ba0d5405d477b"
    integrity sha512-/Srv4dswyQNBfohGpz9o6Yb3Gz3SrUDqBH5rTuhGR7ahtlbYKnVxw2bCFMRljaA7EXHaXZ8wsHdodFvbkhKmqg==
  
  concat-stream@^2.0.0:
    version "2.0.0"
    resolved "https://game-dev-build.rgs.cloud/repository/npm-group/concat-stream/-/concat-stream-2.0.0.tgz#414cf5af790a48c60ab9be4527d56d5e41133cb1"
    integrity sha512-MWufYdFw53ccGjCA+Ol7XJYpAlW6/prSMzuPOTRnJGcGzuhLn4Scrz7qf6o8bROZ514ltazcIFJZevcfbo0x7A==
    dependencies:
      buffer-from "^1.0.0"
      inherits "^2.0.3"
      readable-stream "^3.0.2"
      typedarray "^0.0.6"
  
  cycle@1.0.x:
    version "1.0.3"
    resolved "https://game-dev-build.rgs.cloud/repository/npm-group/cycle/-/cycle-1.0.3.tgz#21e80b2be8580f98b468f379430662b046c34ad2"
    integrity sha512-TVF6svNzeQCOpjCqsy0/CSy8VgObG3wXusJ73xW2GbG5rGx7lC8zxDSURicsXI2UsGdi2L0QNRCi745/wUDvsA==
  
  debug@4:
    version "4.3.4"
    resolved "https://game-dev-build.rgs.cloud/repository/npm-group/debug/-/debug-4.3.4.tgz#1319f6579357f2338d3337d2cdd4914bb5dcc865"
    integrity sha512-PRWFHuSU3eDtQJPvnNY7Jcket1j0t5OuOsFzPPzsekD52Zl8qUfFIPEiswXqIvHWGVHOgX+7G/vCNNhehwxfkQ==
    dependencies:
      ms "2.1.2"
  
  env-paths@^2.2.0:
    version "2.2.1"
    resolved "https://game-dev-build.rgs.cloud/repository/npm-group/env-paths/-/env-paths-2.2.1.tgz#420399d416ce1fbe9bc0a07c62fa68d67fd0f8f2"
    integrity sha512-+h1lkLKhZMTYjog1VEpJNG7NZJWcuc2DDk/qsqSTRRCOXiLjeQ1d1/udrUGhqMxUgAlwKNZ0cf2uqan5GLuS2A==
  
  eyes@0.1.x:
    version "0.1.8"
    resolved "https://game-dev-build.rgs.cloud/repository/npm-group/eyes/-/eyes-0.1.8.tgz#62cf120234c683785d902348a800ef3e0cc20bc0"
    integrity sha512-GipyPsXO1anza0AOZdy69Im7hGFCNB7Y/NGjDlZGJ3GJJLtwNSb2vrzYrTYJRrRloVx7pl+bhUaTB8yiccPvFQ==
  
  ffmpeg-static@^5.1.0:
    version "5.1.0"
    resolved "https://game-dev-build.rgs.cloud/repository/npm-group/ffmpeg-static/-/ffmpeg-static-5.1.0.tgz#133500f4566570c5a0e96795152b0526d8c936ad"
    integrity sha512-eEWOiGdbf7HKPeJI5PoJ0oCwkL0hckL2JdS4JOuB/gUETppwkEpq8nF0+e6VEQnDCo/iuoipbTUsn9QJmtpNkg==
    dependencies:
      "@derhuerst/http-basic" "^8.2.0"
      env-paths "^2.2.0"
      https-proxy-agent "^5.0.0"
      progress "^2.0.3"
  
  glob@^6.0.4:
    version "6.0.4"
    resolved "https://game-dev-build.rgs.cloud/repository/npm-group/glob/-/glob-6.0.4.tgz#0f08860f6a155127b2fadd4f9ce24b1aab6e4d22"
    integrity sha512-MKZeRNyYZAVVVG1oZeLaWie1uweH40m9AZwIwxyPbTSX4hHrVYSzLg0Ro5Z5R7XKkIX+Cc6oD1rqeDJnwsB8/A==
    dependencies:
      inflight "^1.0.4"
      inherits "2"
      minimatch "2 || 3"
      once "^1.3.0"
      path-is-absolute "^1.0.0"
  
  http-response-object@^3.0.1:
    version "3.0.2"
    resolved "https://game-dev-build.rgs.cloud/repository/npm-group/http-response-object/-/http-response-object-3.0.2.tgz#7f435bb210454e4360d074ef1f989d5ea8aa9810"
    integrity sha512-bqX0XTF6fnXSQcEJ2Iuyr75yVakyjIDCqroJQ/aHfSdlM743Cwqoi2nDYMzLGWUcuTWGWy8AAvOKXTfiv6q9RA==
    dependencies:
      "@types/node" "^10.0.3"
  
  https-proxy-agent@^5.0.0:
    version "5.0.1"
    resolved "https://game-dev-build.rgs.cloud/repository/npm-group/https-proxy-agent/-/https-proxy-agent-5.0.1.tgz#c59ef224a04fe8b754f3db0063a25ea30d0005d6"
    integrity sha512-dFcAjpTQFgoLMzC2VwU+C/CbS7uRL0lWmxDITmqm7C+7F0Odmj6s9l6alZc6AELXhrnggM2CeWSXHGOdX2YtwA==
    dependencies:
      agent-base "6"
      debug "4"
  
  inflight@^1.0.4:
    version "1.0.6"
    resolved "https://game-dev-build.rgs.cloud/repository/npm-group/inflight/-/inflight-1.0.6.tgz#49bd6331d7d02d0c09bc910a1075ba8165b56df9"
    integrity sha512-k92I/b08q4wvFscXCLvqfsHCrjrF7yiXsQuIVvVE7N82W3+aqpzuUdBbfhWcy/FZR3/4IgflMgKLOsvPDrGCJA==
    dependencies:
      once "^1.3.0"
      wrappy "1"
  
  inherits@2, inherits@^2.0.3:
    version "2.0.4"
    resolved "https://game-dev-build.rgs.cloud/repository/npm-group/inherits/-/inherits-2.0.4.tgz#0fa2c64f932917c3433a0ded55363aae37416b7c"
    integrity sha512-k/vGaX4/Yla3WzyMCvTQOXYeIHvqOKtnqBduzTHpzpQZzAskKMhZ2K+EnBiSM9zGSoIFeMpXKxa4dYeZIQqewQ==
  
  is-stream@1.1.0:
    version "1.1.0"
    resolved "https://registry.yarnpkg.com/is-stream/-/is-stream-1.1.0.tgz#12d4a3dd4e68e0b79ceb8dbc84173ae80d91ca44"
    integrity sha1-EtSj3U5o4Lec6428hBc66A2RykQ=
  
  isstream@0.1.x:
    version "0.1.2"
    resolved "https://game-dev-build.rgs.cloud/repository/npm-group/isstream/-/isstream-0.1.2.tgz#47e63f7af55afa6f92e1500e690eb8b8529c099a"
    integrity sha512-Yljz7ffyPbrLpLngrMtZ7NduUgVvi6wG9RJ9IUcyCd59YQ911PBJphODUcbOVbqYfxe1wuYf/LJ8PauMRwsM/g==
  
  makepromise@1.0.0:
    version "1.0.0"
    resolved "https://registry.yarnpkg.com/makepromise/-/makepromise-1.0.0.tgz#bc6bb6a3e06fd706df51c2923b6936fabd70aa7f"
    integrity sha1-vGu2o+Bv1wbfUcKSO2k2+r1wqn8=
  
  "minimatch@2 || 3":
    version "3.1.2"
    resolved "https://game-dev-build.rgs.cloud/repository/npm-group/minimatch/-/minimatch-3.1.2.tgz#19cd194bfd3e428f049a70817c038d89ab4be35b"
    integrity sha512-J7p63hRiAjw1NDEww1W7i37+ByIrOWO5XQQAzZ3VOcL0PNybwpfmV/N05zFAzwQ9USyEcX6t3UO+K5aqBQOIHw==
    dependencies:
      brace-expansion "^1.1.7"
  
  minimist@^1.2.6:
    version "1.2.6"
    resolved "https://game-dev-build.rgs.cloud/repository/npm-group/minimist/-/minimist-1.2.6.tgz#8637a5b759ea0d6e98702cfb3a9283323c93af44"
    integrity sha512-Jsjnk4bw3YJqYzbdyBiNsPWHPfO++UGG749Cxs6peCu5Xg4nrena6OVxOYxrQTqww0Jmwt+Ref8rggumkTLz9Q==
  
  minimist@~0.0.1:
    version "0.0.10"
    resolved "https://game-dev-build.rgs.cloud/repository/npm-group/minimist/-/minimist-0.0.10.tgz#de3f98543dbf96082be48ad1a0c7cda836301dcf"
    integrity sha512-iotkTvxc+TwOm5Ieim8VnSNvCDjCK9S8G3scJ50ZthspSxa7jx50jkhYduuAtAjvfDUwSgOwf8+If99AlOEhyw==
  
  mkdirp@^0.5.0:
    version "0.5.6"
    resolved "https://game-dev-build.rgs.cloud/repository/npm-group/mkdirp/-/mkdirp-0.5.6.tgz#7def03d2432dcae4ba1d611445c48396062255f6"
    integrity sha512-FP+p8RB8OWpF3YZBCrP5gtADmtXApB5AMLn+vdyA+PyxCjrCs00mjyUozssO33cwDeT3wNGdLxJ5M//YqtHAJw==
    dependencies:
      minimist "^1.2.6"
  
  ms@2.1.2:
    version "2.1.2"
    resolved "https://game-dev-build.rgs.cloud/repository/npm-group/ms/-/ms-2.1.2.tgz#d09d1f357b443f493382a8eb3ccd183872ae6009"
    integrity sha512-sGkPx+VjMtmA6MX27oA4FBFELFCZZ4S4XqeGOXCv68tT+jb3vk/RyaKWP0PTKyWtmLSM0b+adUTEvbs1PEaH2w==
  
  node-exiftool@^2.3.0:
    version "2.3.0"
    resolved "https://registry.yarnpkg.com/node-exiftool/-/node-exiftool-2.3.0.tgz#d5142d34de6f1683b4655198b648e7e3ee6e80ac"
    integrity sha1-1RQtNN5vFoO0ZVGYtkjn4+5ugKw=
    dependencies:
      is-stream "1.1.0"
      restream "1.2.0"
      wrote "0.6.1"
  
  once@^1.3.0:
    version "1.4.0"
    resolved "https://game-dev-build.rgs.cloud/repository/npm-group/once/-/once-1.4.0.tgz#583b1aa775961d4b113ac17d9c50baef9dd76bd1"
    integrity sha512-lNaJgI+2Q5URQBkccEKHTQOPaXdUxnZZElQTZY0MFUAuaEqe1E+Nyvgdz/aIyNi6Z9MzO5dv1H8n58/GELp3+w==
    dependencies:
      wrappy "1"
  
  optimist@~0.6.1:
    version "0.6.1"
    resolved "https://game-dev-build.rgs.cloud/repository/npm-group/optimist/-/optimist-0.6.1.tgz#da3ea74686fa21a19a111c326e90eb15a0196686"
    integrity sha512-snN4O4TkigujZphWLN0E//nQmm7790RYaE53DdL7ZYwee2D8DDo9/EyYiKUfN3rneWUjhJnueija3G9I2i0h3g==
    dependencies:
      minimist "~0.0.1"
      wordwrap "~0.0.2"
  
  parse-cache-control@^1.0.1:
    version "1.0.1"
    resolved "https://game-dev-build.rgs.cloud/repository/npm-group/parse-cache-control/-/parse-cache-control-1.0.1.tgz#8eeab3e54fa56920fe16ba38f77fa21aacc2d74e"
    integrity sha1-juqz5U+laSD+Fro493+iGqzC104=
  
  path-is-absolute@^1.0.0:
    version "1.0.1"
    resolved "https://game-dev-build.rgs.cloud/repository/npm-group/path-is-absolute/-/path-is-absolute-1.0.1.tgz#174b9268735534ffbc7ace6bf53a5a9e1b5c5f5f"
    integrity sha512-AVbw3UJ2e9bq64vSaS9Am0fje1Pa8pbGqTTsmXfaIiMpnr5DlDhfJOuLj9Sf95ZPVDAUerDfEk88MPmPe7UCQg==
  
  pkginfo@0.3.x:
    version "0.3.1"
    resolved "https://game-dev-build.rgs.cloud/repository/npm-group/pkginfo/-/pkginfo-0.3.1.tgz#5b29f6a81f70717142e09e765bbeab97b4f81e21"
    integrity sha512-yO5feByMzAp96LtP58wvPKSbaKAi/1C4kV9XpTctr6EepnP6F33RBNOiVrdz9BrPA98U2BMFsTNHo44TWcbQ2A==
  
  progress@^2.0.3:
    version "2.0.3"
    resolved "https://game-dev-build.rgs.cloud/repository/npm-group/progress/-/progress-2.0.3.tgz#7e8cf8d8f5b8f239c1bc68beb4eb78567d572ef8"
    integrity sha512-7PiHtLll5LdnKIMw100I+8xJXR5gW2QwWYkT6iJva0bXitZKa/XMrSbdmg3r2Xnaidz9Qumd0VPaMrZlF9V9sA==
  
  readable-stream@^3.0.2:
    version "3.6.0"
    resolved "https://game-dev-build.rgs.cloud/repository/npm-group/readable-stream/-/readable-stream-3.6.0.tgz#337bbda3adc0706bd3e024426a286d4b4b2c9198"
    integrity sha512-BViHy7LKeTz4oNnkcLJ+lVSL6vpiFeX6/d3oSH8zCW7UxP2onchk+vTGB143xuFjHS3deTgkKoXXymXqymiIdA==
    dependencies:
      inherits "^2.0.3"
      string_decoder "^1.1.1"
      util-deprecate "^1.0.1"
  
  restream@1.2.0:
    version "1.2.0"
    resolved "https://registry.yarnpkg.com/restream/-/restream-1.2.0.tgz#fd13b031a54e80cc65d1878c43149f1b3a40efbb"
    integrity sha1-/ROwMaVOgMxl0YeMQxSfGzpA77s=
  
  safe-buffer@~5.2.0:
    version "5.2.1"
    resolved "https://game-dev-build.rgs.cloud/repository/npm-group/safe-buffer/-/safe-buffer-5.2.1.tgz#1eaf9fa9bdb1fdd4ec75f58f9cdb4e6b7827eec6"
    integrity sha512-rp3So07KcdmmKbGvgaNxQSJr7bGVSVk5S9Eq1F+ppbRo70+YeaDxkw5Dd8NPN+GD6bjnYm2VuPuCXmpuYvmCXQ==
  
  sox@^0.1.0:
    version "0.1.0"
    resolved "https://registry.yarnpkg.com/sox/-/sox-0.1.0.tgz#a684dcc69aef057c241d4a20e6eb6004a3245560"
    integrity sha1-poTcxprvBXwkHUog5utgBKMkVWA=
    dependencies:
      batch "~0.3.2"
  
  stack-trace@0.0.x:
    version "0.0.10"
    resolved "https://game-dev-build.rgs.cloud/repository/npm-group/stack-trace/-/stack-trace-0.0.10.tgz#547c70b347e8d32b4e108ea1a2a159e5fdde19c0"
    integrity sha512-KGzahc7puUKkzyMt+IqAep+TVNbKP+k2Lmwhub39m1AsTSkaDutx56aDCo+HLDzf/D26BIHTJWNiTG1KAJiQCg==
  
  string_decoder@^1.1.1:
    version "1.3.0"
    resolved "https://game-dev-build.rgs.cloud/repository/npm-group/string_decoder/-/string_decoder-1.3.0.tgz#42f114594a46cf1a8e30b0a84f56c78c3edac21e"
    integrity sha512-hkRX8U1WjJFd8LsDJ2yQ/wWWxaopEsABU1XfkM8A+j0+85JAGppt16cr1Whg6KIbb4okU6Mql6BOj+uup/wKeA==
    dependencies:
      safe-buffer "~5.2.0"
  
  typedarray@^0.0.6:
    version "0.0.6"
    resolved "https://game-dev-build.rgs.cloud/repository/npm-group/typedarray/-/typedarray-0.0.6.tgz#867ac74e3864187b1d3d47d996a78ec5c8830777"
    integrity sha512-/aCDEGatGvZ2BIk+HmLf4ifCJFwvKFNb9/JeZPMulfgFracn9QFcAf5GO8B/mweUjSoblS5In0cWhqpfs/5PQA==
  
  underscore@~1.8.3:
    version "1.8.3"
    resolved "https://game-dev-build.rgs.cloud/repository/npm-group/underscore/-/underscore-1.8.3.tgz#4f3fb53b106e6097fcf9cb4109f2a5e9bdfa5022"
    integrity sha512-5WsVTFcH1ut/kkhAaHf4PVgI8c7++GiVcpCGxPouI6ZVjsqPnSDf8h/8HtVqc0t4fzRXwnMK70EcZeAs3PIddg==
  
  util-deprecate@^1.0.1:
    version "1.0.2"
    resolved "https://game-dev-build.rgs.cloud/repository/npm-group/util-deprecate/-/util-deprecate-1.0.2.tgz#450d4dc9fa70de732762fbd2d4a28981419a0ccf"
    integrity sha512-EPD5q1uXyFxJpCrLnCc1nHnq3gOa6DZBocAIiI2TaSCA7VCJ1UJDMagCzIkXNsUYfD1daK//LTEQ8xiIbrHtcw==
  
  winston@~1.0.0:
    version "1.0.2"
    resolved "https://game-dev-build.rgs.cloud/repository/npm-group/winston/-/winston-1.0.2.tgz#351c58e2323f8a4ca29a45195aa9aa3b4c35d76f"
    integrity sha512-BLxJH3KCgJ2paj2xKYTQLpxdKr9URPDDDLJnRVcbud7izT+m8Xzt5Rod6mnNgEcfT0fRvhEy2Cj3cEnnQpa6qA==
    dependencies:
      async "~1.0.0"
      colors "1.0.x"
      cycle "1.0.x"
      eyes "0.1.x"
      isstream "0.1.x"
      pkginfo "0.3.x"
      stack-trace "0.0.x"
  
  wordwrap@~0.0.2:
    version "0.0.3"
    resolved "https://game-dev-build.rgs.cloud/repository/npm-group/wordwrap/-/wordwrap-0.0.3.tgz#a3d5da6cd5c0bc0008d37234bbaf1bed63059107"
    integrity sha512-1tMA907+V4QmxV7dbRvb4/8MaRALK6q9Abid3ndMYnbyo8piisCmeONVqVSXqQA3KaP4SLt5b7ud6E2sqP8TFw==
  
  wrappy@1:
    version "1.0.2"
    resolved "https://game-dev-build.rgs.cloud/repository/npm-group/wrappy/-/wrappy-1.0.2.tgz#b5243d8f3ec1aa35f1364605bc0d1036e30ab69f"
    integrity sha512-l4Sp/DRseor9wL6EvV2+TuQn63dMkPjZ/sp9XkghTEbV9KlPS1xUsZ3u7/IQO4wxtcFB4bgpQPRcR3QCvezPcQ==
  
  wrote@0.6.1:
    version "0.6.1"
    resolved "https://registry.yarnpkg.com/wrote/-/wrote-0.6.1.tgz#eff11efdd6f18424a70baea2df4322af375b8fbe"
    integrity sha1-7/Ee/dbxhCSnC66i30Mirzdbj74=
    dependencies:
      catchment "1.0.0"
      makepromise "1.0.0"
